2024-06-26 22:15:34.707 +04:00  INF  Now listening on: https://localhost:7114
2024-06-26 22:15:34.745 +04:00  INF  Now listening on: http://localhost:5279
2024-06-26 22:15:34.751 +04:00  INF  Application started. Press Ctrl+C to shut down.
2024-06-26 22:15:34.752 +04:00  INF  Hosting environment: Development
2024-06-26 22:15:34.752 +04:00  INF  Content root path: C:\Users\ASUS\OneDrive\Рабочий стол\API\API-Layer-Architecture\App\
2024-06-26 22:15:35.170 +04:00  INF  Request starting HTTP/2 GET https://localhost:7114/swagger/index.html - -
2024-06-26 22:15:35.401 +04:00  INF  Request starting HTTP/2 GET https://localhost:7114/_framework/aspnetcore-browser-refresh.js - -
2024-06-26 22:15:35.451 +04:00  INF  Request finished HTTP/2 GET https://localhost:7114/swagger/index.html - - - 200 - text/html;charset=utf-8 266.9921ms
2024-06-26 22:15:35.451 +04:00  INF  Request finished HTTP/2 GET https://localhost:7114/_framework/aspnetcore-browser-refresh.js - - - 200 11976 application/javascript;+charset=utf-8 45.2482ms
2024-06-26 22:15:35.528 +04:00  INF  Request starting HTTP/2 GET https://localhost:7114/_vs/browserLink - -
2024-06-26 22:15:35.564 +04:00  INF  Request finished HTTP/2 GET https://localhost:7114/_vs/browserLink - - - 200 - text/javascript;+charset=UTF-8 36.1402ms
2024-06-26 22:15:35.625 +04:00  INF  Request starting HTTP/2 GET https://localhost:7114/swagger/v1/swagger.json - -
2024-06-26 22:15:35.724 +04:00  INF  Request finished HTTP/2 GET https://localhost:7114/swagger/v1/swagger.json - - - 200 - application/json;charset=utf-8 99.3806ms
2024-06-26 22:15:49.295 +04:00  INF  Request starting HTTP/2 GET https://localhost:7114/api/admin/Country/GetAll - -
2024-06-26 22:15:49.304 +04:00  INF  Executing endpoint 'App.Controllers.Admin.CountryController.GetAll (App)'
2024-06-26 22:15:49.324 +04:00  INF  Route matched with {action = "GetAll", controller = "Country"}. Executing controller action with signature System.Threading.Tasks.Task`1[Microsoft.AspNetCore.Mvc.IActionResult] GetAll() on controller App.Controllers.Admin.CountryController (App).
2024-06-26 22:15:50.281 +04:00  INF  Entity Framework Core 6.0.31 initialized 'AppDbContext' using provider 'Microsoft.EntityFrameworkCore.SqlServer:6.0.31' with options: None
2024-06-26 22:15:50.389 +04:00  INF  country get all is working
2024-06-26 22:15:51.106 +04:00  INF  Executed DbCommand (52ms) [Parameters=[], CommandType='"Text"', CommandTimeout='30']
SELECT [c].[Id], [c].[CreatedDate], [c].[Name], [c].[SoftDelete]
FROM [Countries] AS [c]
2024-06-26 22:15:51.166 +04:00  INF  Executing OkObjectResult, writing value of type 'System.Collections.Generic.List`1[[Services.DTOs.Admin.Countries.CountryDto, Services, Version=1.0.0.0, Culture=neutral, PublicKeyToken=null]]'.
2024-06-26 22:15:51.177 +04:00  INF  Executed action App.Controllers.Admin.CountryController.GetAll (App) in 1846.8439ms
2024-06-26 22:15:51.177 +04:00  INF  Executed endpoint 'App.Controllers.Admin.CountryController.GetAll (App)'
2024-06-26 22:15:51.183 +04:00  INF  Request finished HTTP/2 GET https://localhost:7114/api/admin/Country/GetAll - - - 200 - application/json;+charset=utf-8 1887.3212ms
2024-06-26 22:29:02.306 +04:00  INF  Now listening on: https://localhost:7114
2024-06-26 22:29:02.340 +04:00  INF  Now listening on: http://localhost:5279
2024-06-26 22:29:02.344 +04:00  INF  Application started. Press Ctrl+C to shut down.
2024-06-26 22:29:02.344 +04:00  INF  Hosting environment: Development
2024-06-26 22:29:02.344 +04:00  INF  Content root path: C:\Users\ASUS\OneDrive\Рабочий стол\API\API-Layer-Architecture\App\
2024-06-26 22:29:02.776 +04:00  INF  Request starting HTTP/2 GET https://localhost:7114/swagger/index.html - -
2024-06-26 22:29:03.008 +04:00  INF  Request finished HTTP/2 GET https://localhost:7114/swagger/index.html - - - 200 - text/html;charset=utf-8 235.2708ms
2024-06-26 22:29:03.015 +04:00  INF  Request starting HTTP/2 GET https://localhost:7114/_framework/aspnetcore-browser-refresh.js - -
2024-06-26 22:29:03.015 +04:00  INF  Request starting HTTP/2 GET https://localhost:7114/_vs/browserLink - -
2024-06-26 22:29:03.017 +04:00  INF  Request finished HTTP/2 GET https://localhost:7114/_framework/aspnetcore-browser-refresh.js - - - 200 11976 application/javascript;+charset=utf-8 2.3057ms
2024-06-26 22:29:03.051 +04:00  INF  Request finished HTTP/2 GET https://localhost:7114/_vs/browserLink - - - 200 - text/javascript;+charset=UTF-8 36.5094ms
2024-06-26 22:29:03.172 +04:00  INF  Request starting HTTP/2 GET https://localhost:7114/swagger/v1/swagger.json - -
2024-06-26 22:29:03.277 +04:00  INF  Request finished HTTP/2 GET https://localhost:7114/swagger/v1/swagger.json - - - 200 - application/json;charset=utf-8 104.6501ms
2024-06-26 22:29:53.893 +04:00  INF  Now listening on: https://localhost:7114
2024-06-26 22:29:53.925 +04:00  INF  Now listening on: http://localhost:5279
2024-06-26 22:29:53.930 +04:00  INF  Application started. Press Ctrl+C to shut down.
2024-06-26 22:29:53.930 +04:00  INF  Hosting environment: Development
2024-06-26 22:29:53.930 +04:00  INF  Content root path: C:\Users\ASUS\OneDrive\Рабочий стол\API\API-Layer-Architecture\App\
2024-06-26 22:29:54.510 +04:00  INF  Request starting HTTP/2 GET https://localhost:7114/swagger/index.html - -
2024-06-26 22:29:54.730 +04:00  INF  Request finished HTTP/2 GET https://localhost:7114/swagger/index.html - - - 200 - text/html;charset=utf-8 223.2511ms
2024-06-26 22:29:54.738 +04:00  INF  Request starting HTTP/2 GET https://localhost:7114/_vs/browserLink - -
2024-06-26 22:29:54.738 +04:00  INF  Request starting HTTP/2 GET https://localhost:7114/_framework/aspnetcore-browser-refresh.js - -
2024-06-26 22:29:54.740 +04:00  INF  Request finished HTTP/2 GET https://localhost:7114/_framework/aspnetcore-browser-refresh.js - - - 200 11976 application/javascript;+charset=utf-8 2.4389ms
2024-06-26 22:29:54.774 +04:00  INF  Request finished HTTP/2 GET https://localhost:7114/_vs/browserLink - - - 200 - text/javascript;+charset=UTF-8 36.6158ms
2024-06-26 22:29:54.941 +04:00  INF  Request starting HTTP/2 GET https://localhost:7114/swagger/v1/swagger.json - -
2024-06-26 22:29:55.037 +04:00  INF  Request finished HTTP/2 GET https://localhost:7114/swagger/v1/swagger.json - - - 200 - application/json;charset=utf-8 95.9218ms
2024-06-26 22:31:09.053 +04:00  INF  Now listening on: https://localhost:7114
2024-06-26 22:31:09.084 +04:00  INF  Now listening on: http://localhost:5279
2024-06-26 22:31:09.088 +04:00  INF  Application started. Press Ctrl+C to shut down.
2024-06-26 22:31:09.088 +04:00  INF  Hosting environment: Development
2024-06-26 22:31:09.089 +04:00  INF  Content root path: C:\Users\ASUS\OneDrive\Рабочий стол\API\API-Layer-Architecture\App\
2024-06-26 22:31:09.597 +04:00  INF  Request starting HTTP/2 GET https://localhost:7114/swagger/index.html - -
2024-06-26 22:31:09.823 +04:00  INF  Request finished HTTP/2 GET https://localhost:7114/swagger/index.html - - - 200 - text/html;charset=utf-8 231.1402ms
2024-06-26 22:31:09.831 +04:00  INF  Request starting HTTP/2 GET https://localhost:7114/_vs/browserLink - -
2024-06-26 22:31:09.831 +04:00  INF  Request starting HTTP/2 GET https://localhost:7114/_framework/aspnetcore-browser-refresh.js - -
2024-06-26 22:31:09.834 +04:00  INF  Request finished HTTP/2 GET https://localhost:7114/_framework/aspnetcore-browser-refresh.js - - - 200 11976 application/javascript;+charset=utf-8 3.0493ms
2024-06-26 22:31:09.868 +04:00  INF  Request finished HTTP/2 GET https://localhost:7114/_vs/browserLink - - - 200 - text/javascript;+charset=UTF-8 36.6834ms
2024-06-26 22:31:09.969 +04:00  INF  Request starting HTTP/2 GET https://localhost:7114/swagger/v1/swagger.json - -
2024-06-26 22:31:10.069 +04:00  INF  Request finished HTTP/2 GET https://localhost:7114/swagger/v1/swagger.json - - - 200 - application/json;charset=utf-8 100.0575ms
